mode: atomic
github.com/1055373165/ggcache/config/config.go:54.19,60.16 6 0
github.com/1055373165/ggcache/config/config.go:60.16,61.13 1 0
github.com/1055373165/ggcache/config/config.go:65.2,66.16 2 0
github.com/1055373165/ggcache/config/config.go:66.16,67.13 1 0
github.com/1055373165/ggcache/config/config.go:70.2,70.22 1 0
github.com/1055373165/ggcache/config/config.go:73.27,78.2 1 0
github.com/1055373165/ggcache/config/config.go:80.27,82.16 2 0
github.com/1055373165/ggcache/config/config.go:82.16,83.13 1 0
github.com/1055373165/ggcache/config/config.go:87.2,87.6 1 0
github.com/1055373165/ggcache/config/config.go:87.6,88.73 1 0
github.com/1055373165/ggcache/config/config.go:88.73,90.4 1 0
github.com/1055373165/ggcache/config/config.go:91.3,92.30 2 0
github.com/1055373165/ggcache/config/config.go:92.30,93.62 1 0
github.com/1055373165/ggcache/config/config.go:95.3,95.25 1 0
github.com/1055373165/ggcache/api/groupcachepb/groupcache.pb.go:32.30,34.29 2 0
github.com/1055373165/ggcache/api/groupcachepb/groupcache.pb.go:34.29,38.3 3 0
github.com/1055373165/ggcache/api/groupcachepb/groupcache.pb.go:41.38,43.2 1 0
github.com/1055373165/ggcache/api/groupcachepb/groupcache.pb.go:45.36,45.37 0 0
github.com/1055373165/ggcache/api/groupcachepb/groupcache.pb.go:47.58,49.41 2 0
github.com/1055373165/ggcache/api/groupcachepb/groupcache.pb.go:49.41,51.34 2 0
github.com/1055373165/ggcache/api/groupcachepb/groupcache.pb.go:51.34,53.4 1 0
github.com/1055373165/ggcache/api/groupcachepb/groupcache.pb.go:54.3,54.12 1 0
github.com/1055373165/ggcache/api/groupcachepb/groupcache.pb.go:56.2,56.24 1 0
github.com/1055373165/ggcache/api/groupcachepb/groupcache.pb.go:60.49,62.2 1 0
github.com/1055373165/ggcache/api/groupcachepb/groupcache.pb.go:64.40,65.14 1 0
github.com/1055373165/ggcache/api/groupcachepb/groupcache.pb.go:65.14,67.3 1 0
github.com/1055373165/ggcache/api/groupcachepb/groupcache.pb.go:68.2,68.11 1 0
github.com/1055373165/ggcache/api/groupcachepb/groupcache.pb.go:71.38,72.14 1 0
github.com/1055373165/ggcache/api/groupcachepb/groupcache.pb.go:72.14,74.3 1 0
github.com/1055373165/ggcache/api/groupcachepb/groupcache.pb.go:75.2,75.11 1 0
github.com/1055373165/ggcache/api/groupcachepb/groupcache.pb.go:86.31,88.29 2 0
github.com/1055373165/ggcache/api/groupcachepb/groupcache.pb.go:88.29,92.3 3 0
github.com/1055373165/ggcache/api/groupcachepb/groupcache.pb.go:95.39,97.2 1 0
github.com/1055373165/ggcache/api/groupcachepb/groupcache.pb.go:99.37,99.38 0 0
github.com/1055373165/ggcache/api/groupcachepb/groupcache.pb.go:101.59,103.41 2 0
github.com/1055373165/ggcache/api/groupcachepb/groupcache.pb.go:103.41,105.34 2 0
github.com/1055373165/ggcache/api/groupcachepb/groupcache.pb.go:105.34,107.4 1 0
github.com/1055373165/ggcache/api/groupcachepb/groupcache.pb.go:108.3,108.12 1 0
github.com/1055373165/ggcache/api/groupcachepb/groupcache.pb.go:110.2,110.24 1 0
github.com/1055373165/ggcache/api/groupcachepb/groupcache.pb.go:114.50,116.2 1 0
github.com/1055373165/ggcache/api/groupcachepb/groupcache.pb.go:118.41,119.14 1 0
github.com/1055373165/ggcache/api/groupcachepb/groupcache.pb.go:119.14,121.3 1 0
github.com/1055373165/ggcache/api/groupcachepb/groupcache.pb.go:122.2,122.12 1 0
github.com/1055373165/ggcache/api/groupcachepb/groupcache.pb.go:149.62,150.59 1 0
github.com/1055373165/ggcache/api/groupcachepb/groupcache.pb.go:150.59,152.3 1 0
github.com/1055373165/ggcache/api/groupcachepb/groupcache.pb.go:153.2,153.55 1 0
github.com/1055373165/ggcache/api/groupcachepb/groupcache.pb.go:171.13,171.58 1 0
github.com/1055373165/ggcache/api/groupcachepb/groupcache.pb.go:172.48,173.47 1 0
github.com/1055373165/ggcache/api/groupcachepb/groupcache.pb.go:173.47,175.3 1 0
github.com/1055373165/ggcache/api/groupcachepb/groupcache.pb.go:176.2,176.30 1 0
github.com/1055373165/ggcache/api/groupcachepb/groupcache.pb.go:176.30,177.100 1 0
github.com/1055373165/ggcache/api/groupcachepb/groupcache.pb.go:177.100,178.35 1 0
github.com/1055373165/ggcache/api/groupcachepb/groupcache.pb.go:179.11,180.20 1 0
github.com/1055373165/ggcache/api/groupcachepb/groupcache.pb.go:181.11,182.24 1 0
github.com/1055373165/ggcache/api/groupcachepb/groupcache.pb.go:183.11,184.28 1 0
github.com/1055373165/ggcache/api/groupcachepb/groupcache.pb.go:185.12,186.15 1 0
github.com/1055373165/ggcache/api/groupcachepb/groupcache.pb.go:189.3,189.100 1 0
github.com/1055373165/ggcache/api/groupcachepb/groupcache.pb.go:189.100,190.36 1 0
github.com/1055373165/ggcache/api/groupcachepb/groupcache.pb.go:191.11,192.20 1 0
github.com/1055373165/ggcache/api/groupcachepb/groupcache.pb.go:193.11,194.24 1 0
github.com/1055373165/ggcache/api/groupcachepb/groupcache.pb.go:195.11,196.28 1 0
github.com/1055373165/ggcache/api/groupcachepb/groupcache.pb.go:197.12,198.15 1 0
github.com/1055373165/ggcache/api/groupcachepb/groupcache.pb.go:202.2,219.50 6 0
github.com/1055373165/ggcache/api/groupcachepb/groupcache_grpc.pb.go:32.72,34.2 1 0
github.com/1055373165/ggcache/api/groupcachepb/groupcache_grpc.pb.go:36.116,39.16 3 0
github.com/1055373165/ggcache/api/groupcachepb/groupcache_grpc.pb.go:39.16,41.3 1 0
github.com/1055373165/ggcache/api/groupcachepb/groupcache_grpc.pb.go:42.2,42.17 1 0
github.com/1055373165/ggcache/api/groupcachepb/groupcache_grpc.pb.go:57.94,59.2 1 0
github.com/1055373165/ggcache/api/groupcachepb/groupcache_grpc.pb.go:60.80,60.81 0 0
github.com/1055373165/ggcache/api/groupcachepb/groupcache_grpc.pb.go:69.78,71.2 1 0
github.com/1055373165/ggcache/api/groupcachepb/groupcache_grpc.pb.go:73.159,75.32 2 0
github.com/1055373165/ggcache/api/groupcachepb/groupcache_grpc.pb.go:75.32,77.3 1 0
github.com/1055373165/ggcache/api/groupcachepb/groupcache_grpc.pb.go:78.2,78.24 1 0
github.com/1055373165/ggcache/api/groupcachepb/groupcache_grpc.pb.go:78.24,80.3 1 0
github.com/1055373165/ggcache/api/groupcachepb/groupcache_grpc.pb.go:81.2,85.77 2 0
github.com/1055373165/ggcache/api/groupcachepb/groupcache_grpc.pb.go:85.77,87.3 1 0
github.com/1055373165/ggcache/api/groupcachepb/groupcache_grpc.pb.go:88.2,88.44 1 0
github.com/1055373165/ggcache/api/studentpb/student.pb.go:36.32,38.29 2 0
github.com/1055373165/ggcache/api/studentpb/student.pb.go:38.29,42.3 3 0
github.com/1055373165/ggcache/api/studentpb/student.pb.go:45.40,47.2 1 0
github.com/1055373165/ggcache/api/studentpb/student.pb.go:49.38,49.39 0 0
github.com/1055373165/ggcache/api/studentpb/student.pb.go:51.60,53.41 2 0
github.com/1055373165/ggcache/api/studentpb/student.pb.go:53.41,55.34 2 0
github.com/1055373165/ggcache/api/studentpb/student.pb.go:55.34,57.4 1 0
github.com/1055373165/ggcache/api/studentpb/student.pb.go:58.3,58.12 1 0
github.com/1055373165/ggcache/api/studentpb/student.pb.go:60.2,60.24 1 0
github.com/1055373165/ggcache/api/studentpb/student.pb.go:64.51,66.2 1 0
github.com/1055373165/ggcache/api/studentpb/student.pb.go:68.45,69.14 1 0
github.com/1055373165/ggcache/api/studentpb/student.pb.go:69.14,71.3 1 0
github.com/1055373165/ggcache/api/studentpb/student.pb.go:72.2,72.10 1 0
github.com/1055373165/ggcache/api/studentpb/student.pb.go:75.41,76.14 1 0
github.com/1055373165/ggcache/api/studentpb/student.pb.go:76.14,78.3 1 0
github.com/1055373165/ggcache/api/studentpb/student.pb.go:79.2,79.11 1 0
github.com/1055373165/ggcache/api/studentpb/student.pb.go:82.43,83.14 1 0
github.com/1055373165/ggcache/api/studentpb/student.pb.go:83.14,85.3 1 0
github.com/1055373165/ggcache/api/studentpb/student.pb.go:86.2,86.10 1 0
github.com/1055373165/ggcache/api/studentpb/student.pb.go:89.42,90.14 1 0
github.com/1055373165/ggcache/api/studentpb/student.pb.go:90.14,92.3 1 0
github.com/1055373165/ggcache/api/studentpb/student.pb.go:93.2,93.11 1 0
github.com/1055373165/ggcache/api/studentpb/student.pb.go:96.42,97.14 1 0
github.com/1055373165/ggcache/api/studentpb/student.pb.go:97.14,99.3 1 0
github.com/1055373165/ggcache/api/studentpb/student.pb.go:100.2,100.11 1 0
github.com/1055373165/ggcache/api/studentpb/student.pb.go:103.48,104.14 1 0
github.com/1055373165/ggcache/api/studentpb/student.pb.go:104.14,106.3 1 0
github.com/1055373165/ggcache/api/studentpb/student.pb.go:107.2,107.11 1 0
github.com/1055373165/ggcache/api/studentpb/student.pb.go:123.34,125.29 2 0
github.com/1055373165/ggcache/api/studentpb/student.pb.go:125.29,129.3 3 0
github.com/1055373165/ggcache/api/studentpb/student.pb.go:132.42,134.2 1 0
github.com/1055373165/ggcache/api/studentpb/student.pb.go:136.40,136.41 0 0
github.com/1055373165/ggcache/api/studentpb/student.pb.go:138.62,140.41 2 0
github.com/1055373165/ggcache/api/studentpb/student.pb.go:140.41,142.34 2 0
github.com/1055373165/ggcache/api/studentpb/student.pb.go:142.34,144.4 1 0
github.com/1055373165/ggcache/api/studentpb/student.pb.go:145.3,145.12 1 0
github.com/1055373165/ggcache/api/studentpb/student.pb.go:147.2,147.24 1 0
github.com/1055373165/ggcache/api/studentpb/student.pb.go:151.53,153.2 1 0
github.com/1055373165/ggcache/api/studentpb/student.pb.go:155.47,156.14 1 0
github.com/1055373165/ggcache/api/studentpb/student.pb.go:156.14,158.3 1 0
github.com/1055373165/ggcache/api/studentpb/student.pb.go:159.2,159.10 1 0
github.com/1055373165/ggcache/api/studentpb/student.pb.go:162.43,163.14 1 0
github.com/1055373165/ggcache/api/studentpb/student.pb.go:163.14,165.3 1 0
github.com/1055373165/ggcache/api/studentpb/student.pb.go:166.2,166.11 1 0
github.com/1055373165/ggcache/api/studentpb/student.pb.go:169.45,170.14 1 0
github.com/1055373165/ggcache/api/studentpb/student.pb.go:170.14,172.3 1 0
github.com/1055373165/ggcache/api/studentpb/student.pb.go:173.2,173.10 1 0
github.com/1055373165/ggcache/api/studentpb/student.pb.go:176.44,177.14 1 0
github.com/1055373165/ggcache/api/studentpb/student.pb.go:177.14,179.3 1 0
github.com/1055373165/ggcache/api/studentpb/student.pb.go:180.2,180.11 1 0
github.com/1055373165/ggcache/api/studentpb/student.pb.go:183.44,184.14 1 0
github.com/1055373165/ggcache/api/studentpb/student.pb.go:184.14,186.3 1 0
github.com/1055373165/ggcache/api/studentpb/student.pb.go:187.2,187.11 1 0
github.com/1055373165/ggcache/api/studentpb/student.pb.go:190.50,191.14 1 0
github.com/1055373165/ggcache/api/studentpb/student.pb.go:191.14,193.3 1 0
github.com/1055373165/ggcache/api/studentpb/student.pb.go:194.2,194.11 1 0
github.com/1055373165/ggcache/api/studentpb/student.pb.go:207.35,209.29 2 0
github.com/1055373165/ggcache/api/studentpb/student.pb.go:209.29,213.3 3 0
github.com/1055373165/ggcache/api/studentpb/student.pb.go:216.43,218.2 1 0
github.com/1055373165/ggcache/api/studentpb/student.pb.go:220.41,220.42 0 0
github.com/1055373165/ggcache/api/studentpb/student.pb.go:222.63,224.41 2 0
github.com/1055373165/ggcache/api/studentpb/student.pb.go:224.41,226.34 2 0
github.com/1055373165/ggcache/api/studentpb/student.pb.go:226.34,228.4 1 0
github.com/1055373165/ggcache/api/studentpb/student.pb.go:229.3,229.12 1 0
github.com/1055373165/ggcache/api/studentpb/student.pb.go:231.2,231.24 1 0
github.com/1055373165/ggcache/api/studentpb/student.pb.go:235.54,237.2 1 0
github.com/1055373165/ggcache/api/studentpb/student.pb.go:239.48,240.14 1 0
github.com/1055373165/ggcache/api/studentpb/student.pb.go:240.14,242.3 1 0
github.com/1055373165/ggcache/api/studentpb/student.pb.go:243.2,243.10 1 0
github.com/1055373165/ggcache/api/studentpb/student.pb.go:246.44,247.14 1 0
github.com/1055373165/ggcache/api/studentpb/student.pb.go:247.14,249.3 1 0
github.com/1055373165/ggcache/api/studentpb/student.pb.go:250.2,250.11 1 0
github.com/1055373165/ggcache/api/studentpb/student.pb.go:253.46,254.14 1 0
github.com/1055373165/ggcache/api/studentpb/student.pb.go:254.14,256.3 1 0
github.com/1055373165/ggcache/api/studentpb/student.pb.go:257.2,257.10 1 0
github.com/1055373165/ggcache/api/studentpb/student.pb.go:269.41,271.29 2 0
github.com/1055373165/ggcache/api/studentpb/student.pb.go:271.29,275.3 3 0
github.com/1055373165/ggcache/api/studentpb/student.pb.go:278.49,280.2 1 0
github.com/1055373165/ggcache/api/studentpb/student.pb.go:282.47,282.48 0 0
github.com/1055373165/ggcache/api/studentpb/student.pb.go:284.69,286.41 2 0
github.com/1055373165/ggcache/api/studentpb/student.pb.go:286.41,288.34 2 0
github.com/1055373165/ggcache/api/studentpb/student.pb.go:288.34,290.4 1 0
github.com/1055373165/ggcache/api/studentpb/student.pb.go:291.3,291.12 1 0
github.com/1055373165/ggcache/api/studentpb/student.pb.go:293.2,293.24 1 0
github.com/1055373165/ggcache/api/studentpb/student.pb.go:297.60,299.2 1 0
github.com/1055373165/ggcache/api/studentpb/student.pb.go:301.69,302.14 1 0
github.com/1055373165/ggcache/api/studentpb/student.pb.go:302.14,304.3 1 0
github.com/1055373165/ggcache/api/studentpb/student.pb.go:305.2,305.12 1 0
github.com/1055373165/ggcache/api/studentpb/student.pb.go:308.49,309.14 1 0
github.com/1055373165/ggcache/api/studentpb/student.pb.go:309.14,311.3 1 0
github.com/1055373165/ggcache/api/studentpb/student.pb.go:312.2,312.10 1 0
github.com/1055373165/ggcache/api/studentpb/student.pb.go:327.40,329.29 2 0
github.com/1055373165/ggcache/api/studentpb/student.pb.go:329.29,333.3 3 0
github.com/1055373165/ggcache/api/studentpb/student.pb.go:336.48,338.2 1 0
github.com/1055373165/ggcache/api/studentpb/student.pb.go:340.46,340.47 0 0
github.com/1055373165/ggcache/api/studentpb/student.pb.go:342.68,344.41 2 0
github.com/1055373165/ggcache/api/studentpb/student.pb.go:344.41,346.34 2 0
github.com/1055373165/ggcache/api/studentpb/student.pb.go:346.34,348.4 1 0
github.com/1055373165/ggcache/api/studentpb/student.pb.go:349.3,349.12 1 0
github.com/1055373165/ggcache/api/studentpb/student.pb.go:351.2,351.24 1 0
github.com/1055373165/ggcache/api/studentpb/student.pb.go:355.59,357.2 1 0
github.com/1055373165/ggcache/api/studentpb/student.pb.go:359.48,360.14 1 0
github.com/1055373165/ggcache/api/studentpb/student.pb.go:360.14,362.3 1 0
github.com/1055373165/ggcache/api/studentpb/student.pb.go:363.2,363.10 1 0
github.com/1055373165/ggcache/api/studentpb/student.pb.go:366.52,367.14 1 0
github.com/1055373165/ggcache/api/studentpb/student.pb.go:367.14,369.3 1 0
github.com/1055373165/ggcache/api/studentpb/student.pb.go:370.2,370.11 1 0
github.com/1055373165/ggcache/api/studentpb/student.pb.go:373.53,374.14 1 0
github.com/1055373165/ggcache/api/studentpb/student.pb.go:374.14,376.3 1 0
github.com/1055373165/ggcache/api/studentpb/student.pb.go:377.2,377.10 1 0
github.com/1055373165/ggcache/api/studentpb/student.pb.go:380.49,381.14 1 0
github.com/1055373165/ggcache/api/studentpb/student.pb.go:381.14,383.3 1 0
github.com/1055373165/ggcache/api/studentpb/student.pb.go:384.2,384.11 1 0
github.com/1055373165/ggcache/api/studentpb/student.pb.go:387.50,388.14 1 0
github.com/1055373165/ggcache/api/studentpb/student.pb.go:388.14,390.3 1 0
github.com/1055373165/ggcache/api/studentpb/student.pb.go:391.2,391.11 1 0
github.com/1055373165/ggcache/api/studentpb/student.pb.go:470.56,471.53 1 0
github.com/1055373165/ggcache/api/studentpb/student.pb.go:471.53,473.3 1 0
github.com/1055373165/ggcache/api/studentpb/student.pb.go:474.2,474.49 1 0
github.com/1055373165/ggcache/api/studentpb/student.pb.go:502.13,502.52 1 0
github.com/1055373165/ggcache/api/studentpb/student.pb.go:503.42,504.41 1 0
github.com/1055373165/ggcache/api/studentpb/student.pb.go:504.41,506.3 1 0
github.com/1055373165/ggcache/api/studentpb/student.pb.go:507.2,507.30 1 0
github.com/1055373165/ggcache/api/studentpb/student.pb.go:507.30,508.94 1 0
github.com/1055373165/ggcache/api/studentpb/student.pb.go:508.94,509.37 1 0
github.com/1055373165/ggcache/api/studentpb/student.pb.go:510.11,511.20 1 0
github.com/1055373165/ggcache/api/studentpb/student.pb.go:512.11,513.24 1 0
github.com/1055373165/ggcache/api/studentpb/student.pb.go:514.11,515.28 1 0
github.com/1055373165/ggcache/api/studentpb/student.pb.go:516.12,517.15 1 0
github.com/1055373165/ggcache/api/studentpb/student.pb.go:520.3,520.94 1 0
github.com/1055373165/ggcache/api/studentpb/student.pb.go:520.94,521.39 1 0
github.com/1055373165/ggcache/api/studentpb/student.pb.go:522.11,523.20 1 0
github.com/1055373165/ggcache/api/studentpb/student.pb.go:524.11,525.24 1 0
github.com/1055373165/ggcache/api/studentpb/student.pb.go:526.11,527.28 1 0
github.com/1055373165/ggcache/api/studentpb/student.pb.go:528.12,529.15 1 0
github.com/1055373165/ggcache/api/studentpb/student.pb.go:532.3,532.94 1 0
github.com/1055373165/ggcache/api/studentpb/student.pb.go:532.94,533.40 1 0
github.com/1055373165/ggcache/api/studentpb/student.pb.go:534.11,535.20 1 0
github.com/1055373165/ggcache/api/studentpb/student.pb.go:536.11,537.24 1 0
github.com/1055373165/ggcache/api/studentpb/student.pb.go:538.11,539.28 1 0
github.com/1055373165/ggcache/api/studentpb/student.pb.go:540.12,541.15 1 0
github.com/1055373165/ggcache/api/studentpb/student.pb.go:544.3,544.94 1 0
github.com/1055373165/ggcache/api/studentpb/student.pb.go:544.94,545.46 1 0
github.com/1055373165/ggcache/api/studentpb/student.pb.go:546.11,547.20 1 0
github.com/1055373165/ggcache/api/studentpb/student.pb.go:548.11,549.24 1 0
github.com/1055373165/ggcache/api/studentpb/student.pb.go:550.11,551.28 1 0
github.com/1055373165/ggcache/api/studentpb/student.pb.go:552.12,553.15 1 0
github.com/1055373165/ggcache/api/studentpb/student.pb.go:556.3,556.94 1 0
github.com/1055373165/ggcache/api/studentpb/student.pb.go:556.94,557.45 1 0
github.com/1055373165/ggcache/api/studentpb/student.pb.go:558.11,559.20 1 0
github.com/1055373165/ggcache/api/studentpb/student.pb.go:560.11,561.24 1 0
github.com/1055373165/ggcache/api/studentpb/student.pb.go:562.11,563.28 1 0
github.com/1055373165/ggcache/api/studentpb/student.pb.go:564.12,565.15 1 0
github.com/1055373165/ggcache/api/studentpb/student.pb.go:569.2,586.44 6 0
github.com/1055373165/ggcache/api/studentpb/student_grpc.pb.go:35.80,37.2 1 0
github.com/1055373165/ggcache/api/studentpb/student_grpc.pb.go:39.143,42.16 3 0
github.com/1055373165/ggcache/api/studentpb/student_grpc.pb.go:42.16,44.3 1 0
github.com/1055373165/ggcache/api/studentpb/student_grpc.pb.go:45.2,45.17 1 0
github.com/1055373165/ggcache/api/studentpb/student_grpc.pb.go:48.143,51.16 3 0
github.com/1055373165/ggcache/api/studentpb/student_grpc.pb.go:51.16,53.3 1 0
github.com/1055373165/ggcache/api/studentpb/student_grpc.pb.go:54.2,54.17 1 0
github.com/1055373165/ggcache/api/studentpb/student_grpc.pb.go:57.143,60.16 3 0
github.com/1055373165/ggcache/api/studentpb/student_grpc.pb.go:60.16,62.3 1 0
github.com/1055373165/ggcache/api/studentpb/student_grpc.pb.go:63.2,63.17 1 0
github.com/1055373165/ggcache/api/studentpb/student_grpc.pb.go:66.142,69.16 3 0
github.com/1055373165/ggcache/api/studentpb/student_grpc.pb.go:69.16,71.3 1 0
github.com/1055373165/ggcache/api/studentpb/student_grpc.pb.go:72.2,72.17 1 0
github.com/1055373165/ggcache/api/studentpb/student_grpc.pb.go:90.121,92.2 1 0
github.com/1055373165/ggcache/api/studentpb/student_grpc.pb.go:93.121,95.2 1 0
github.com/1055373165/ggcache/api/studentpb/student_grpc.pb.go:96.121,98.2 1 0
github.com/1055373165/ggcache/api/studentpb/student_grpc.pb.go:99.120,101.2 1 0
github.com/1055373165/ggcache/api/studentpb/student_grpc.pb.go:102.88,102.89 0 0
github.com/1055373165/ggcache/api/studentpb/student_grpc.pb.go:111.86,113.2 1 0
github.com/1055373165/ggcache/api/studentpb/student_grpc.pb.go:115.173,117.32 2 0
github.com/1055373165/ggcache/api/studentpb/student_grpc.pb.go:117.32,119.3 1 0
github.com/1055373165/ggcache/api/studentpb/student_grpc.pb.go:120.2,120.24 1 0
github.com/1055373165/ggcache/api/studentpb/student_grpc.pb.go:120.24,122.3 1 0
github.com/1055373165/ggcache/api/studentpb/student_grpc.pb.go:123.2,127.77 2 0
github.com/1055373165/ggcache/api/studentpb/student_grpc.pb.go:127.77,129.3 1 0
github.com/1055373165/ggcache/api/studentpb/student_grpc.pb.go:130.2,130.44 1 0
github.com/1055373165/ggcache/api/studentpb/student_grpc.pb.go:133.173,135.32 2 0
github.com/1055373165/ggcache/api/studentpb/student_grpc.pb.go:135.32,137.3 1 0
github.com/1055373165/ggcache/api/studentpb/student_grpc.pb.go:138.2,138.24 1 0
github.com/1055373165/ggcache/api/studentpb/student_grpc.pb.go:138.24,140.3 1 0
github.com/1055373165/ggcache/api/studentpb/student_grpc.pb.go:141.2,145.77 2 0
github.com/1055373165/ggcache/api/studentpb/student_grpc.pb.go:145.77,147.3 1 0
github.com/1055373165/ggcache/api/studentpb/student_grpc.pb.go:148.2,148.44 1 0
github.com/1055373165/ggcache/api/studentpb/student_grpc.pb.go:151.173,153.32 2 0
github.com/1055373165/ggcache/api/studentpb/student_grpc.pb.go:153.32,155.3 1 0
github.com/1055373165/ggcache/api/studentpb/student_grpc.pb.go:156.2,156.24 1 0
github.com/1055373165/ggcache/api/studentpb/student_grpc.pb.go:156.24,158.3 1 0
github.com/1055373165/ggcache/api/studentpb/student_grpc.pb.go:159.2,163.77 2 0
github.com/1055373165/ggcache/api/studentpb/student_grpc.pb.go:163.77,165.3 1 0
github.com/1055373165/ggcache/api/studentpb/student_grpc.pb.go:166.2,166.44 1 0
github.com/1055373165/ggcache/api/studentpb/student_grpc.pb.go:169.171,171.32 2 0
github.com/1055373165/ggcache/api/studentpb/student_grpc.pb.go:171.32,173.3 1 0
github.com/1055373165/ggcache/api/studentpb/student_grpc.pb.go:174.2,174.24 1 0
github.com/1055373165/ggcache/api/studentpb/student_grpc.pb.go:174.24,176.3 1 0
github.com/1055373165/ggcache/api/studentpb/student_grpc.pb.go:177.2,181.77 2 0
github.com/1055373165/ggcache/api/studentpb/student_grpc.pb.go:181.77,183.3 1 0
github.com/1055373165/ggcache/api/studentpb/student_grpc.pb.go:184.2,184.44 1 0
github.com/1055373165/ggcache/internal/bussiness/student/model/student.go:12.31,14.2 1 0
github.com/1055373165/ggcache/internal/bussiness/student/ecode/msg.go:22.30,23.35 1 0
github.com/1055373165/ggcache/internal/bussiness/student/ecode/msg.go:23.35,25.3 1 0
github.com/1055373165/ggcache/internal/bussiness/student/ecode/msg.go:26.2,26.24 1 0
github.com/1055373165/ggcache/internal/bussiness/student/dao/db.go:31.21,61.16 4 0
github.com/1055373165/ggcache/internal/bussiness/student/dao/db.go:61.16,64.3 2 0
github.com/1055373165/ggcache/internal/bussiness/student/dao/db.go:66.2,67.16 2 0
github.com/1055373165/ggcache/internal/bussiness/student/dao/db.go:67.16,70.3 2 0
github.com/1055373165/ggcache/internal/bussiness/student/dao/db.go:73.2,83.12 6 0
github.com/1055373165/ggcache/internal/bussiness/student/dao/db.go:86.48,87.16 1 0
github.com/1055373165/ggcache/internal/bussiness/student/dao/db.go:87.16,88.36 1 0
github.com/1055373165/ggcache/internal/bussiness/student/dao/db.go:90.2,90.29 1 0
github.com/1055373165/ggcache/internal/bussiness/student/dao/migration.go:15.18,17.27 1 0
github.com/1055373165/ggcache/internal/bussiness/student/dao/migration.go:17.27,19.3 1 0
github.com/1055373165/ggcache/internal/bussiness/student/dao/migration.go:21.2,22.16 2 0
github.com/1055373165/ggcache/internal/bussiness/student/dao/migration.go:22.16,25.3 2 0
github.com/1055373165/ggcache/internal/bussiness/student/dao/migration.go:27.2,27.49 1 0
github.com/1055373165/ggcache/internal/bussiness/student/dao/migration.go:31.40,33.2 1 0
github.com/1055373165/ggcache/internal/bussiness/student/dao/migration.go:35.26,41.29 3 0
github.com/1055373165/ggcache/internal/bussiness/student/dao/migration.go:41.29,45.18 1 0
github.com/1055373165/ggcache/internal/bussiness/student/dao/migration.go:45.18,47.4 1 0
github.com/1055373165/ggcache/internal/bussiness/student/dao/migration.go:50.2,50.28 1 0
github.com/1055373165/ggcache/internal/bussiness/student/dao/migration.go:50.28,54.18 1 0
github.com/1055373165/ggcache/internal/bussiness/student/dao/migration.go:54.18,56.4 1 0
github.com/1055373165/ggcache/internal/bussiness/student/dao/migration.go:59.2,59.50 1 0
github.com/1055373165/ggcache/internal/bussiness/student/dao/migration.go:59.50,63.18 1 0
github.com/1055373165/ggcache/internal/bussiness/student/dao/migration.go:63.18,65.4 1 0
github.com/1055373165/ggcache/internal/bussiness/student/dao/migration.go:68.2,68.50 1 0
github.com/1055373165/ggcache/internal/bussiness/student/dao/migration.go:68.50,72.18 1 0
github.com/1055373165/ggcache/internal/bussiness/student/dao/migration.go:72.18,74.4 1 0
github.com/1055373165/ggcache/internal/bussiness/student/dao/migration.go:79.20,82.84 2 0
github.com/1055373165/ggcache/internal/bussiness/student/dao/migration.go:82.84,85.3 2 0
github.com/1055373165/ggcache/internal/bussiness/student/dao/migration.go:87.2,89.29 2 0
github.com/1055373165/ggcache/internal/bussiness/student/dao/migration.go:89.29,93.18 1 0
github.com/1055373165/ggcache/internal/bussiness/student/dao/migration.go:93.18,95.4 1 0
github.com/1055373165/ggcache/internal/bussiness/student/dao/migration.go:98.2,98.28 1 0
github.com/1055373165/ggcache/internal/bussiness/student/dao/migration.go:98.28,102.18 1 0
github.com/1055373165/ggcache/internal/bussiness/student/dao/migration.go:102.18,104.4 1 0
github.com/1055373165/ggcache/internal/bussiness/student/dao/migration.go:107.2,107.56 1 0
github.com/1055373165/ggcache/internal/bussiness/student/dao/migration.go:110.43,123.25 5 0
github.com/1055373165/ggcache/internal/bussiness/student/dao/migration.go:123.25,127.3 3 0
github.com/1055373165/ggcache/internal/bussiness/student/dao/migration.go:129.2,129.14 1 0
github.com/1055373165/ggcache/internal/bussiness/student/dao/migration.go:132.43,156.25 5 0
github.com/1055373165/ggcache/internal/bussiness/student/dao/migration.go:156.25,160.3 3 0
github.com/1055373165/ggcache/internal/bussiness/student/dao/migration.go:162.2,162.14 1 0
github.com/1055373165/ggcache/internal/bussiness/student/dao/migration.go:166.42,195.2 1 0
github.com/1055373165/ggcache/internal/bussiness/student/dao/migration.go:198.42,211.2 1 0
github.com/1055373165/ggcache/internal/bussiness/student/dao/student.go:18.53,20.2 1 0
github.com/1055373165/ggcache/internal/bussiness/student/dao/student.go:22.91,26.2 3 0
github.com/1055373165/ggcache/internal/bussiness/student/dao/student.go:28.71,37.74 8 0
github.com/1055373165/ggcache/internal/bussiness/student/dao/student.go:37.74,40.3 2 0
github.com/1055373165/ggcache/internal/bussiness/student/dao/student.go:41.2,41.12 1 0
github.com/1055373165/ggcache/internal/bussiness/student/service/student.go:15.43,16.37 1 0
github.com/1055373165/ggcache/internal/bussiness/student/service/student.go:16.37,18.3 1 0
github.com/1055373165/ggcache/internal/bussiness/student/service/student.go:19.2,19.27 1 0
github.com/1055373165/ggcache/internal/bussiness/student/service/student.go:22.120,27.16 4 0
github.com/1055373165/ggcache/internal/bussiness/student/service/student.go:27.16,30.3 2 0
github.com/1055373165/ggcache/internal/bussiness/student/service/student.go:31.2,36.18 2 0
github.com/1055373165/ggcache/internal/bussiness/student/service/student.go:39.121,44.16 4 0
github.com/1055373165/ggcache/internal/bussiness/student/service/student.go:44.16,47.3 2 0
github.com/1055373165/ggcache/internal/bussiness/student/service/student.go:49.2,50.18 2 0
github.com/1055373165/ggcache/internal/bussiness/student/service/student.go:53.121,57.2 3 0
github.com/1055373165/ggcache/internal/bussiness/student/service/student.go:59.121,63.2 3 0
github.com/1055373165/ggcache/internal/bussiness/student/service/student.go:65.134,67.2 1 0
github.com/1055373165/ggcache/pkg/common/shutdown/gracefully_shutdown.go:13.46,25.62 5 0
github.com/1055373165/ggcache/pkg/common/shutdown/gracefully_shutdown.go:25.62,27.3 1 0
github.com/1055373165/ggcache/internal/metrics/metrics.go:86.35,93.67 3 0
github.com/1055373165/ggcache/internal/metrics/metrics.go:93.67,95.3 1 0
github.com/1055373165/ggcache/internal/metrics/metrics.go:98.2,98.12 1 0
github.com/1055373165/ggcache/internal/metrics/metrics.go:98.12,101.56 3 0
github.com/1055373165/ggcache/internal/metrics/metrics.go:101.56,103.4 1 0
github.com/1055373165/ggcache/internal/metrics/metrics.go:108.23,110.2 1 0
github.com/1055373165/ggcache/internal/metrics/metrics.go:113.24,115.2 1 0
github.com/1055373165/ggcache/internal/metrics/metrics.go:118.23,120.2 1 0
github.com/1055373165/ggcache/internal/metrics/metrics.go:123.34,125.2 1 0
github.com/1055373165/ggcache/internal/metrics/metrics.go:128.40,130.2 1 0
github.com/1055373165/ggcache/internal/metrics/metrics.go:133.71,139.2 5 0
github.com/1055373165/ggcache/internal/metrics/metrics.go:142.65,144.2 1 0
github.com/1055373165/ggcache/internal/metrics/metrics.go:147.22,149.2 1 0
github.com/1055373165/ggcache/pkg/common/logger/logger.go:14.13,15.22 1 0
github.com/1055373165/ggcache/pkg/common/logger/logger.go:15.22,19.3 3 0
github.com/1055373165/ggcache/pkg/common/logger/logger.go:21.2,30.20 5 0
github.com/1055373165/ggcache/pkg/common/logger/logger.go:33.40,37.40 3 0
github.com/1055373165/ggcache/pkg/common/logger/logger.go:37.40,39.3 1 0
github.com/1055373165/ggcache/pkg/common/logger/logger.go:41.2,42.24 2 0
github.com/1055373165/ggcache/pkg/common/logger/logger.go:42.24,43.56 1 0
github.com/1055373165/ggcache/pkg/common/logger/logger.go:43.56,46.4 2 0
github.com/1055373165/ggcache/pkg/common/logger/logger.go:49.2,51.45 3 0
github.com/1055373165/ggcache/pkg/common/logger/logger.go:51.45,52.48 1 0
github.com/1055373165/ggcache/pkg/common/logger/logger.go:52.48,55.4 2 0
github.com/1055373165/ggcache/pkg/common/logger/logger.go:58.2,59.16 2 0
github.com/1055373165/ggcache/pkg/common/logger/logger.go:59.16,62.3 2 0
github.com/1055373165/ggcache/pkg/common/logger/logger.go:63.2,63.20 1 0
github.com/1055373165/ggcache/pkg/common/trace/trace.go:10.38,22.33 5 0
github.com/1055373165/ggcache/pkg/common/trace/trace.go:22.33,26.3 3 0
github.com/1055373165/ggcache/pkg/common/trace/trace.go:28.2,28.21 1 0
github.com/1055373165/ggcache/pkg/common/validate/validate.go:9.38,11.21 2 0
github.com/1055373165/ggcache/pkg/common/validate/validate.go:11.21,13.3 1 0
github.com/1055373165/ggcache/pkg/common/validate/validate.go:14.2,16.73 3 0
github.com/1055373165/ggcache/pkg/common/validate/validate.go:16.73,18.3 1 0
github.com/1055373165/ggcache/pkg/common/validate/validate.go:19.2,19.13 1 0
github.com/1055373165/ggcache/pkg/common/validate/validate.go:22.36,25.2 2 0
github.com/1055373165/ggcache/pkg/etcd/discovery/discovery.go:18.78,20.16 2 0
github.com/1055373165/ggcache/pkg/etcd/discovery/discovery.go:20.16,22.3 1 0
github.com/1055373165/ggcache/pkg/etcd/discovery/discovery.go:26.2,28.60 1 0
github.com/1055373165/ggcache/pkg/etcd/discovery/discovery.go:33.61,35.16 2 0
github.com/1055373165/ggcache/pkg/etcd/discovery/discovery.go:35.16,38.3 2 0
github.com/1055373165/ggcache/pkg/etcd/discovery/discovery.go:42.2,43.16 2 0
github.com/1055373165/ggcache/pkg/etcd/discovery/discovery.go:43.16,46.3 2 0
github.com/1055373165/ggcache/pkg/etcd/discovery/discovery.go:49.2,53.16 4 0
github.com/1055373165/ggcache/pkg/etcd/discovery/discovery.go:53.16,56.3 2 0
github.com/1055373165/ggcache/pkg/etcd/discovery/discovery.go:58.2,59.45 2 0
github.com/1055373165/ggcache/pkg/etcd/discovery/discovery.go:59.45,62.3 2 0
github.com/1055373165/ggcache/pkg/etcd/discovery/discovery.go:64.2,64.23 1 0
github.com/1055373165/ggcache/pkg/etcd/discovery/discovery.go:69.60,71.16 2 0
github.com/1055373165/ggcache/pkg/etcd/discovery/discovery.go:71.16,74.3 2 0
github.com/1055373165/ggcache/pkg/etcd/discovery/discovery.go:75.2,75.15 1 0
github.com/1055373165/ggcache/pkg/etcd/discovery/discovery.go:75.15,76.37 1 0
github.com/1055373165/ggcache/pkg/etcd/discovery/discovery.go:76.37,78.4 1 0
github.com/1055373165/ggcache/pkg/etcd/discovery/discovery.go:85.2,89.35 2 0
github.com/1055373165/ggcache/pkg/etcd/discovery/discovery.go:89.35,90.39 1 0
github.com/1055373165/ggcache/pkg/etcd/discovery/discovery.go:90.39,91.19 1 0
github.com/1055373165/ggcache/pkg/etcd/discovery/discovery.go:92.31,94.89 2 0
github.com/1055373165/ggcache/pkg/etcd/discovery/discovery.go:95.34,97.78 2 0
github.com/1055373165/ggcache/pkg/etcd/discovery/registry.go:17.67,19.16 2 0
github.com/1055373165/ggcache/pkg/etcd/discovery/registry.go:19.16,22.3 2 0
github.com/1055373165/ggcache/pkg/etcd/discovery/registry.go:25.2,26.16 2 0
github.com/1055373165/ggcache/pkg/etcd/discovery/registry.go:26.16,28.3 1 0
github.com/1055373165/ggcache/pkg/etcd/discovery/registry.go:33.2,38.16 3 0
github.com/1055373165/ggcache/pkg/etcd/discovery/registry.go:38.16,40.3 1 0
github.com/1055373165/ggcache/pkg/etcd/discovery/registry.go:45.2,46.16 2 0
github.com/1055373165/ggcache/pkg/etcd/discovery/registry.go:46.16,48.3 1 0
github.com/1055373165/ggcache/pkg/etcd/discovery/registry.go:51.2,53.6 2 0
github.com/1055373165/ggcache/pkg/etcd/discovery/registry.go:53.6,54.10 1 0
github.com/1055373165/ggcache/pkg/etcd/discovery/registry.go:55.22,56.14 1 0
github.com/1055373165/ggcache/pkg/etcd/discovery/registry.go:57.27,58.51 1 0
github.com/1055373165/ggcache/pkg/etcd/discovery/registry.go:59.25,60.11 1 0
github.com/1055373165/ggcache/pkg/etcd/discovery/registry.go:60.11,62.63 2 0
github.com/1055373165/ggcache/pkg/etcd/discovery/registry.go:62.63,64.6 1 0
github.com/1055373165/ggcache/pkg/etcd/discovery/registry.go:65.5,65.70 1 0
github.com/1055373165/ggcache/pkg/etcd/discovery/registry.go:67.11,68.31 1 0
github.com/1055373165/ggcache/pkg/etcd/discovery/registry.go:76.108,78.16 2 0
github.com/1055373165/ggcache/pkg/etcd/discovery/registry.go:78.16,80.3 1 0
github.com/1055373165/ggcache/pkg/etcd/discovery/registry.go:83.2,94.31 2 0
github.com/1055373165/ggcache/pkg/etcd/discovery/registry.go:97.82,99.16 2 0
github.com/1055373165/ggcache/pkg/etcd/discovery/registry.go:99.16,101.3 1 0
github.com/1055373165/ggcache/pkg/etcd/discovery/registry.go:103.2,104.44 1 0
github.com/1055373165/ggcache/test/grpc/grpc_client.go:45.93,50.41 2 0
github.com/1055373165/ggcache/test/grpc/grpc_client.go:50.41,52.3 1 0
github.com/1055373165/ggcache/test/grpc/grpc_client.go:53.2,53.20 1 0
github.com/1055373165/ggcache/test/grpc/grpc_client.go:56.41,61.16 4 0
github.com/1055373165/ggcache/test/grpc/grpc_client.go:61.16,63.3 1 0
github.com/1055373165/ggcache/test/grpc/grpc_client.go:65.2,68.12 4 0
github.com/1055373165/ggcache/test/grpc/grpc_client.go:71.94,73.18 2 0
github.com/1055373165/ggcache/test/grpc/grpc_client.go:73.18,75.37 2 0
github.com/1055373165/ggcache/test/grpc/grpc_client.go:75.37,77.4 1 0
github.com/1055373165/ggcache/test/grpc/grpc_client.go:78.8,80.3 1 0
github.com/1055373165/ggcache/test/grpc/grpc_client.go:82.2,83.46 2 0
github.com/1055373165/ggcache/test/grpc/grpc_client.go:83.46,89.17 2 0
github.com/1055373165/ggcache/test/grpc/grpc_client.go:89.17,91.4 1 0
github.com/1055373165/ggcache/test/grpc/grpc_client.go:93.3,94.44 2 0
github.com/1055373165/ggcache/test/grpc/grpc_client.go:94.44,100.50 4 0
github.com/1055373165/ggcache/test/grpc/grpc_client.go:100.50,102.5 1 0
github.com/1055373165/ggcache/test/grpc/grpc_client.go:106.3,108.23 3 0
github.com/1055373165/ggcache/test/grpc/grpc_client.go:111.2,111.61 1 0
github.com/1055373165/ggcache/test/grpc/grpc_client.go:114.13,117.37 2 0
github.com/1055373165/ggcache/test/grpc/grpc_client.go:117.37,119.3 1 0
github.com/1055373165/ggcache/test/grpc/grpc_client.go:121.2,122.16 2 0
github.com/1055373165/ggcache/test/grpc/grpc_client.go:122.16,123.13 1 0
github.com/1055373165/ggcache/test/grpc/grpc_client.go:126.2,127.16 2 0
github.com/1055373165/ggcache/test/grpc/grpc_client.go:127.16,128.13 1 0
github.com/1055373165/ggcache/test/grpc/grpc_client.go:132.2,136.26 3 0
github.com/1055373165/ggcache/test/grpc/grpc_client.go:136.26,138.3 1 0
github.com/1055373165/ggcache/test/grpc/grpc_client.go:141.2,146.39 4 0
github.com/1055373165/ggcache/test/grpc/grpc_client.go:146.39,148.3 1 0
github.com/1055373165/ggcache/test/grpc/grpc_client.go:151.2,152.40 2 0
github.com/1055373165/ggcache/test/grpc/grpc_client.go:152.40,154.3 1 0
github.com/1055373165/ggcache/test/grpc/grpc_client.go:157.2,157.42 1 0
github.com/1055373165/ggcache/test/grpc/grpc_client.go:157.42,159.3 1 0
github.com/1055373165/ggcache/test/grpc/grpc_client.go:161.2,161.6 1 0
github.com/1055373165/ggcache/test/grpc/grpc_client.go:161.6,162.30 1 0
github.com/1055373165/ggcache/test/grpc/grpc_client.go:162.30,165.18 3 0
github.com/1055373165/ggcache/test/grpc/grpc_client.go:165.18,166.43 1 0
github.com/1055373165/ggcache/test/grpc/grpc_client.go:166.43,168.14 2 0
github.com/1055373165/ggcache/test/grpc/grpc_client.go:170.5,171.11 2 0
github.com/1055373165/ggcache/test/grpc/grpc_client.go:173.4,173.95 1 0
github.com/1055373165/ggcache/test/grpc/grpc_client.go:175.3,175.37 1 0
github.com/1055373165/ggcache/test/grpc/grpc_client.go:179.36,180.39 1 0
github.com/1055373165/ggcache/test/grpc/grpc_client.go:180.39,182.3 1 0
github.com/1055373165/ggcache/test/grpc/grpc_client.go:183.2,183.20 1 0
github.com/1055373165/ggcache/test/grpc/grpc_client.go:189.29,191.2 1 0
